This file contains any messages produced by compilers while
running configure, to aid debugging if configure makes a mistake.

It was created by opentsdb configure 2.3.0, which was
generated by GNU Autoconf 2.65.  Invocation command line was

  $ ../configure pom.xml

## --------- ##
## Platform. ##
## --------- ##

hostname = long-laptop-2.local
uname -m = x86_64
uname -r = 16.6.0
uname -s = Darwin
uname -v = Darwin Kernel Version 16.6.0: Fri Apr 14 16:21:16 PDT 2017; root:xnu-3789.60.24~6/RELEASE_X86_64

/usr/bin/uname -p = i386
/bin/uname -X     = unknown

/bin/arch              = unknown
/usr/bin/arch -k       = unknown
/usr/convex/getsysinfo = unknown
/usr/bin/hostinfo      = Mach kernel version:
	 Darwin Kernel Version 16.6.0: Fri Apr 14 16:21:16 PDT 2017; root:xnu-3789.60.24~6/RELEASE_X86_64
Kernel configured for up to 4 processors.
2 processors are physically available.
4 processors are logically available.
Processor type: x86_64h (Intel x86-64h Haswell)
Processors active: 0 1 2 3
Primary memory available: 8.00 gigabytes
Default processor set: 281 tasks, 1365 threads, 4 processors
Load average: 3.41, Mach factor: 0.99
/bin/machine           = unknown
/usr/bin/oslevel       = unknown
/bin/universe          = unknown

PATH: /usr/bin
PATH: /bin
PATH: /usr/sbin
PATH: /sbin
PATH: /usr/local/bin
PATH: /Applications/Wireshark.app/Contents/MacOS
PATH: /Users/mac/Downloads/apache-maven-3.5.0/bin


## ----------- ##
## Core tests. ##
## ----------- ##

configure:1727: checking for a BSD-compatible install
configure:1795: result: /usr/bin/install -c
configure:1806: checking whether build environment is sane
configure:1856: result: yes
configure:1997: checking for a thread-safe mkdir -p
configure:2036: result: ../build-aux/install-sh -c -d
configure:2049: checking for gawk
configure:2079: result: no
configure:2049: checking for mawk
configure:2079: result: no
configure:2049: checking for nawk
configure:2079: result: no
configure:2049: checking for awk
configure:2065: found /usr/bin/awk
configure:2076: result: awk
configure:2087: checking whether make sets $(MAKE)
configure:2109: result: yes
configure:2261: checking for md5sum
configure:2294: result: no
configure:2261: checking for md5
configure:2279: found /sbin/md5
configure:2291: result: /sbin/md5
configure:2313: checking for java
configure:2331: found /usr/bin/java
configure:2343: result: /usr/bin/java
configure:2362: checking for javac
configure:2380: found /usr/bin/javac
configure:2392: result: /usr/bin/javac
configure:2411: checking for jar
configure:2429: found /usr/bin/jar
configure:2441: result: /usr/bin/jar
configure:2462: checking for true
configure:2480: found /usr/bin/true
configure:2492: result: /usr/bin/true
configure:2509: checking for javadoc
configure:2527: found /usr/bin/javadoc
configure:2539: result: /usr/bin/javadoc
configure:2554: checking for wget
configure:2587: result: no
configure:2594: checking for curl
configure:2612: found /usr/bin/curl
configure:2624: result: /usr/bin/curl
configure:2795: creating ./config.status

## ---------------------- ##
## Running config.status. ##
## ---------------------- ##

This file was extended by opentsdb config.status 2.3.0, which was
generated by GNU Autoconf 2.65.  Invocation command line was

  CONFIG_FILES    = 
  CONFIG_HEADERS  = 
  CONFIG_LINKS    = 
  CONFIG_COMMANDS = 
  $ ./config.status 

on long-laptop-2.local

config.status:756: creating Makefile
config.status:756: creating opentsdb.spec
config.status:756: creating build-aux/fetchdep.sh

## ---------------- ##
## Cache variables. ##
## ---------------- ##

ac_cv_env_build_alias_set=set
ac_cv_env_build_alias_value=pom.xml
ac_cv_env_host_alias_set=set
ac_cv_env_host_alias_value=pom.xml
ac_cv_env_target_alias_set=set
ac_cv_env_target_alias_value=pom.xml
ac_cv_path_CURL=/usr/bin/curl
ac_cv_path_GNUPLOT=/usr/bin/true
ac_cv_path_JAR=/usr/bin/jar
ac_cv_path_JAVA=/usr/bin/java
ac_cv_path_JAVAC=/usr/bin/javac
ac_cv_path_JAVADOC=/usr/bin/javadoc
ac_cv_path_MD5=/sbin/md5
ac_cv_path_install='/usr/bin/install -c'
ac_cv_prog_AWK=awk
ac_cv_prog_make_make_set=yes

## ----------------- ##
## Output variables. ##
## ----------------- ##

ACLOCAL='${SHELL} /Users/mac/Downloads/opentsdb-2.3.0/build-aux/missing --run aclocal-1.11'
AMTAR='${SHELL} /Users/mac/Downloads/opentsdb-2.3.0/build-aux/missing --run tar'
AUTOCONF='${SHELL} /Users/mac/Downloads/opentsdb-2.3.0/build-aux/missing --run autoconf'
AUTOHEADER='${SHELL} /Users/mac/Downloads/opentsdb-2.3.0/build-aux/missing --run autoheader'
AUTOMAKE='${SHELL} /Users/mac/Downloads/opentsdb-2.3.0/build-aux/missing --run automake-1.11'
AWK='awk'
BIGTABLE_FALSE=''
BIGTABLE_TRUE='#'
CASSANDRA_FALSE=''
CASSANDRA_TRUE='#'
CURL='/usr/bin/curl'
CYGPATH_W='echo'
DEFS='-DPACKAGE_NAME=\"opentsdb\" -DPACKAGE_TARNAME=\"opentsdb\" -DPACKAGE_VERSION=\"2.3.0\" -DPACKAGE_STRING=\"opentsdb\ 2.3.0\" -DPACKAGE_BUGREPORT=\"opentsdb@googlegroups.com\" -DPACKAGE_URL=\"\" -DPACKAGE=\"opentsdb\" -DVERSION=\"2.3.0\"'
ECHO_C='\c'
ECHO_N=''
ECHO_T=''
GNUPLOT='/usr/bin/true'
INSTALL_DATA='${INSTALL} -m 644'
INSTALL_PROGRAM='${INSTALL}'
INSTALL_SCRIPT='${INSTALL}'
INSTALL_STRIP_PROGRAM='$(install_sh) -c -s'
JAR='/usr/bin/jar'
JAVA='/usr/bin/java'
JAVAC='/usr/bin/javac'
JAVADOC='/usr/bin/javadoc'
LIBOBJS=''
LIBS=''
LTLIBOBJS=''
MAKEINFO='${SHELL} /Users/mac/Downloads/opentsdb-2.3.0/build-aux/missing --run makeinfo'
MD5='/sbin/md5'
MKDIR_P='../build-aux/install-sh -c -d'
PACKAGE='opentsdb'
PACKAGE_BUGREPORT='opentsdb@googlegroups.com'
PACKAGE_NAME='opentsdb'
PACKAGE_STRING='opentsdb 2.3.0'
PACKAGE_TARNAME='opentsdb'
PACKAGE_URL=''
PACKAGE_VERSION='2.3.0'
PATH_SEPARATOR=':'
SET_MAKE=''
SHELL='/bin/sh'
STRIP=''
VERSION='2.3.0'
WGET=''
am__isrc=' -I$(srcdir)'
am__leading_dot='.'
am__tar='${AMTAR} chof - "$$tardir"'
am__untar='${AMTAR} xf -'
bindir='${exec_prefix}/bin'
build_alias='pom.xml'
datadir='${datarootdir}'
datarootdir='${prefix}/share'
docdir='${datarootdir}/doc/${PACKAGE_TARNAME}'
dvidir='${docdir}'
exec_prefix='${prefix}'
host_alias='pom.xml'
htmldir='${docdir}'
includedir='${prefix}/include'
infodir='${datarootdir}/info'
install_sh='${SHELL} /Users/mac/Downloads/opentsdb-2.3.0/build-aux/install-sh'
libdir='${exec_prefix}/lib'
libexecdir='${exec_prefix}/libexec'
localedir='${datarootdir}/locale'
localstatedir='${prefix}/var'
mandir='${datarootdir}/man'
mkdir_p='$(top_builddir)/../build-aux/install-sh -c -d'
oldincludedir='/usr/include'
pdfdir='${docdir}'
prefix='/usr/local'
program_transform_name='s,x,x,'
psdir='${docdir}'
sbindir='${exec_prefix}/sbin'
sharedstatedir='${prefix}/com'
staticdir='${pkgdatadir}/static'
sysconfdir='${prefix}/etc'
target_alias='pom.xml'

## ----------- ##
## confdefs.h. ##
## ----------- ##

/* confdefs.h */
#define PACKAGE_NAME "opentsdb"
#define PACKAGE_TARNAME "opentsdb"
#define PACKAGE_VERSION "2.3.0"
#define PACKAGE_STRING "opentsdb 2.3.0"
#define PACKAGE_BUGREPORT "opentsdb@googlegroups.com"
#define PACKAGE_URL ""
#define PACKAGE "opentsdb"
#define VERSION "2.3.0"

configure: exit 0
